2025-08-05 16:15:11 - [0;34mStarting herp...[0m
2025-08-05 16:15:11 - [0;34mBuilding herp...[0m
2025-08-05 16:15:12 - [0;32mBuild successful[0m
[GIN-debug] [WARNING] Creating an Engine instance with the Logger and Recovery middleware already attached.

[GIN-debug] [WARNING] Running in "debug" mode. Switch to "release" mode in production.
 - using env:	export GIN_MODE=release
 - using code:	gin.SetMode(gin.ReleaseMode)

[GIN-debug] POST   /api/auth/login           --> herp/internal/auth.(*Handler).Login-fm (3 handlers)
[GIN-debug] POST   /api/pos/sales            --> herp/internal/pos.createSale (5 handlers)
[GIN-debug] GET    /api/pos/sales/history    --> herp/internal/pos.getSalesHistory (5 handlers)
[GIN-debug] POST   /api/pos/items            --> herp/internal/pos.createItem (5 handlers)
[GIN-debug] GET    /health                   --> main.main.func1 (3 handlers)
2025/08/05 16:15:12 Starting Hotel ERP server version v1.0.0...
2025/08/05 16:15:12 Starting HTTP server on port 9000
2025-08-05 16:15:14 - [0;32mherp started successfully (PID: 54480)[0m
2025-08-05 16:16:17 - [0;34mStopping herp gracefully (PID: 54480)...[0m
2025/08/05 16:16:17 Received signal: terminated
2025/08/05 16:16:17 Initiating graceful shutdown
2025/08/05 16:16:17 Starting graceful shutdown...
2025/08/05 16:16:17 Shutting down HTTP server...
2025/08/05 16:16:17 HTTP server shutdown completed
2025/08/05 16:16:17 Closing database connections...
2025/08/05 16:16:17 Database connections closed
2025/08/05 16:16:17 Graceful shutdown completed
